{"target": -10.220828021089227, "params": {"kD": 41.7022004702574, "kI": 7.203244934421581, "kP": 0.011437481734488664}, "datetime": {"datetime": "2021-05-19 16:39:12", "elapsed": 0.0, "delta": 0.0}}
{"target": -12.428423724747727, "params": {"kD": 30.233257263183976, "kI": 1.4675589081711304, "kP": 9.233859476879779}, "datetime": {"datetime": "2021-05-19 16:39:27", "elapsed": 15.089268, "delta": 15.089268}}
{"target": -13.204755033958476, "params": {"kD": 18.62602113776709, "kI": 3.4556072704304777, "kP": 39.67674742306699}, "datetime": {"datetime": "2021-05-19 16:39:42", "elapsed": 30.171061, "delta": 15.081793}}
{"target": -7.387877193776315, "params": {"kD": 53.88167340033569, "kI": 4.191945144032948, "kP": 68.52195003967594}, "datetime": {"datetime": "2021-05-19 16:39:57", "elapsed": 45.260674, "delta": 15.089613}}
{"target": -30.24252899860532, "params": {"kD": 20.445224973151742, "kI": 8.781174363909454, "kP": 2.7387593197926163}, "datetime": {"datetime": "2021-05-19 16:40:12", "elapsed": 60.355891, "delta": 15.095217}}
{"target": -7.161898607341373, "params": {"kD": 67.04675101784022, "kI": 4.17304802367127, "kP": 55.868982844575164}, "datetime": {"datetime": "2021-05-19 16:40:27", "elapsed": 75.443629, "delta": 15.087738}}
{"target": -15.028403416756266, "params": {"kD": 14.038693859523377, "kI": 1.981014890848788, "kP": 80.07445686755366}, "datetime": {"datetime": "2021-05-19 16:40:42", "elapsed": 90.542745, "delta": 15.099116}}
{"target": -6.788399285505002, "params": {"kD": 96.82615757193975, "kI": 3.1342417815924284, "kP": 69.23226156693141}, "datetime": {"datetime": "2021-05-19 16:40:57", "elapsed": 105.642725, "delta": 15.09998}}
{"target": -12.076276762558315, "params": {"kD": 87.63891522960382, "kI": 8.946066635038473, "kP": 8.504421136977792}, "datetime": {"datetime": "2021-05-19 16:41:13", "elapsed": 120.731721, "delta": 15.088996}}
{"target": -23.18778499054623, "params": {"kD": 3.905478323288236, "kI": 1.698304195645689, "kP": 87.8142503429413}, "datetime": {"datetime": "2021-05-19 16:41:28", "elapsed": 135.816266, "delta": 15.084545}}
{"target": -7.8710412248154835, "params": {"kD": 68.43384406218391, "kI": 3.8550253601167537, "kP": 55.86929268121762}, "datetime": {"datetime": "2021-05-19 16:41:43", "elapsed": 150.983627, "delta": 15.167361}}
{"target": -8.255142455920259, "params": {"kD": 53.29924129413305, "kI": 0.0, "kP": 55.28508470575822}, "datetime": {"datetime": "2021-05-19 16:41:58", "elapsed": 166.375731, "delta": 15.392104}}
{"target": -9.513364481984436, "params": {"kD": 68.18596298179811, "kI": 10.0, "kP": 70.56655933712429}, "datetime": {"datetime": "2021-05-19 16:42:14", "elapsed": 181.716955, "delta": 15.341224}}
{"target": -6.634465441206265, "params": {"kD": 59.98106552227892, "kI": 10.0, "kP": 42.56630566414488}, "datetime": {"datetime": "2021-05-19 16:42:29", "elapsed": 197.0831, "delta": 15.366145}}
{"target": -11.107601757195322, "params": {"kD": 47.893816431552736, "kI": 0.0, "kP": 19.87248341817141}, "datetime": {"datetime": "2021-05-19 16:42:44", "elapsed": 212.418708, "delta": 15.335608}}
{"target": -6.481901131876171, "params": {"kD": 92.60008382104203, "kI": 0.8975330365440382, "kP": 85.26755648489387}, "datetime": {"datetime": "2021-05-19 16:43:00", "elapsed": 227.747365, "delta": 15.328657}}
{"target": -7.544314088867299, "params": {"kD": 75.27994049872729, "kI": 0.0, "kP": 92.05696520540363}, "datetime": {"datetime": "2021-05-19 16:43:15", "elapsed": 243.029275, "delta": 15.28191}}
{"target": -54304.939309537054, "params": {"kD": 90.18104362926057, "kI": 10.0, "kP": 100.0}, "datetime": {"datetime": "2021-05-19 16:43:30", "elapsed": 258.352156, "delta": 15.322881}}
{"target": -1318029.746556662, "params": {"kD": 57.926060929652245, "kI": 0.0, "kP": 89.02031204848394}, "datetime": {"datetime": "2021-05-19 16:43:45", "elapsed": 273.699613, "delta": 15.347457}}
{"target": -17346.871645149895, "params": {"kD": 35.71174701072031, "kI": 9.234224397328921, "kP": 58.800327782009234}, "datetime": {"datetime": "2021-05-19 16:44:01", "elapsed": 289.061633, "delta": 15.36202}}
